  [1m[35m (258.5ms)[0m  [1m[35mCREATE DATABASE "myapp_development" ENCODING = 'unicode'[0m
  [1m[35m (143.7ms)[0m  [1m[35mCREATE DATABASE "myapp_test" ENCODING = 'unicode'[0m
Started GET "/" for 172.19.0.1 at 2022-04-05 22:03:40 +0900
Processing by Rails::WelcomeController#index as HTML
  Rendering /usr/local/bundle/gems/railties-7.0.2.3/lib/rails/templates/rails/welcome/index.html.erb
  Rendered /usr/local/bundle/gems/railties-7.0.2.3/lib/rails/templates/rails/welcome/index.html.erb (Duration: 13.3ms | Allocations: 634)
Completed 200 OK in 153ms (Views: 58.5ms | ActiveRecord: 0.0ms | Allocations: 4779)


  [1m[35m (17.8ms)[0m  [1m[35mCREATE TABLE "schema_migrations" ("version" character varying NOT NULL PRIMARY KEY)[0m
  [1m[35m (10.5ms)[0m  [1m[35mCREATE TABLE "ar_internal_metadata" ("key" character varying NOT NULL PRIMARY KEY, "value" character varying, "created_at" timestamp(6) NOT NULL, "updated_at" timestamp(6) NOT NULL)[0m
  [1m[35m (0.7ms)[0m  [1m[34mSELECT pg_try_advisory_lock(7864839756650184315)[0m
  [1m[36mActiveRecord::SchemaMigration Pluck (0.7ms)[0m  [1m[34mSELECT "schema_migrations"."version" FROM "schema_migrations" ORDER BY "schema_migrations"."version" ASC[0m
  [1m[36mActiveRecord::InternalMetadata Load (1.1ms)[0m  [1m[34mSELECT "ar_internal_metadata".* FROM "ar_internal_metadata" WHERE "ar_internal_metadata"."key" = $1 LIMIT $2[0m  [["key", "environment"], ["LIMIT", 1]]
  [1m[36mTRANSACTION (0.5ms)[0m  [1m[35mBEGIN[0m
  [1m[36mActiveRecord::InternalMetadata Create (4.5ms)[0m  [1m[32mINSERT INTO "ar_internal_metadata" ("key", "value", "created_at", "updated_at") VALUES ($1, $2, $3, $4) RETURNING "key"[0m  [["key", "environment"], ["value", "development"], ["created_at", "2022-04-05 13:05:12.568418"], ["updated_at", "2022-04-05 13:05:12.568418"]]
  [1m[36mTRANSACTION (1.2ms)[0m  [1m[35mCOMMIT[0m
  [1m[35m (0.7ms)[0m  [1m[34mSELECT pg_advisory_unlock(7864839756650184315)[0m
  [1m[36mActiveRecord::SchemaMigration Pluck (0.7ms)[0m  [1m[34mSELECT "schema_migrations"."version" FROM "schema_migrations" ORDER BY "schema_migrations"."version" ASC[0m
Started GET "/" for 172.19.0.1 at 2022-04-05 22:05:16 +0900
Processing by Rails::WelcomeController#index as HTML
  Rendering /usr/local/bundle/gems/railties-7.0.2.3/lib/rails/templates/rails/welcome/index.html.erb
  Rendered /usr/local/bundle/gems/railties-7.0.2.3/lib/rails/templates/rails/welcome/index.html.erb (Duration: 1.9ms | Allocations: 319)
Completed 200 OK in 8ms (Views: 7.0ms | ActiveRecord: 0.0ms | Allocations: 1005)


Started GET "/" for 172.24.0.1 at 2022-04-05 22:26:54 +0900
  [1m[36mActiveRecord::SchemaMigration Pluck (1.5ms)[0m  [1m[34mSELECT "schema_migrations"."version" FROM "schema_migrations" ORDER BY "schema_migrations"."version" ASC[0m
Processing by Rails::WelcomeController#index as HTML
  Rendering /usr/local/bundle/gems/railties-7.0.2.3/lib/rails/templates/rails/welcome/index.html.erb
  Rendered /usr/local/bundle/gems/railties-7.0.2.3/lib/rails/templates/rails/welcome/index.html.erb (Duration: 14.9ms | Allocations: 634)
Completed 200 OK in 179ms (Views: 62.8ms | ActiveRecord: 0.0ms | Allocations: 4775)


Started GET "/ws" for 172.24.0.1 at 2022-04-05 22:27:35 +0900
  
ActionController::RoutingError (No route matches [GET] "/ws"):
  
Started GET "/ws" for 172.24.0.1 at 2022-04-05 22:27:37 +0900
  
ActionController::RoutingError (No route matches [GET] "/ws"):
  
Started GET "/ws" for 172.24.0.1 at 2022-04-05 22:27:39 +0900
  
ActionController::RoutingError (No route matches [GET] "/ws"):
  
Started GET "/ws" for 172.24.0.1 at 2022-04-05 22:27:43 +0900
  
ActionController::RoutingError (No route matches [GET] "/ws"):
  
Started GET "/ws" for 172.24.0.1 at 2022-04-05 22:27:51 +0900
  
ActionController::RoutingError (No route matches [GET] "/ws"):
  
Started GET "/ws" for 172.24.0.1 at 2022-04-05 22:28:07 +0900
  
ActionController::RoutingError (No route matches [GET] "/ws"):
  
Started GET "/ws" for 172.24.0.1 at 2022-04-05 22:28:40 +0900
  
ActionController::RoutingError (No route matches [GET] "/ws"):
  
Started GET "/ws" for 172.24.0.1 at 2022-04-05 22:29:45 +0900
  
ActionController::RoutingError (No route matches [GET] "/ws"):
  
Started GET "/ws" for 172.24.0.1 at 2022-04-05 22:31:54 +0900
  
ActionController::RoutingError (No route matches [GET] "/ws"):
  
Started GET "/ws" for 172.24.0.1 at 2022-04-05 22:36:12 +0900
  
ActionController::RoutingError (No route matches [GET] "/ws"):
  
  [1m[35m (0.8ms)[0m  [1m[34mSELECT pg_try_advisory_lock(7864839756650184315)[0m
  [1m[36mActiveRecord::SchemaMigration Pluck (1.5ms)[0m  [1m[34mSELECT "schema_migrations"."version" FROM "schema_migrations" ORDER BY "schema_migrations"."version" ASC[0m
Migrating to CreateRestaurants (20220407120322)
  [1m[36mTRANSACTION (0.4ms)[0m  [1m[35mBEGIN[0m
  [1m[35m (27.3ms)[0m  [1m[35mCREATE TABLE "restaurants" ("id" bigserial primary key, "name" character varying NOT NULL, "fee" integer DEFAULT 0 NOT NULL, "time_required" integer NOT NULL, "created_at" timestamp(6) NOT NULL, "updated_at" timestamp(6) NOT NULL)[0m
  [1m[36mActiveRecord::SchemaMigration Create (0.8ms)[0m  [1m[32mINSERT INTO "schema_migrations" ("version") VALUES ($1) RETURNING "version"[0m  [["version", "20220407120322"]]
  [1m[36mTRANSACTION (1.7ms)[0m  [1m[35mCOMMIT[0m
Migrating to CreateFoods (20220407120411)
  [1m[36mTRANSACTION (0.3ms)[0m  [1m[35mBEGIN[0m
  [1m[35m (8.9ms)[0m  [1m[35mCREATE TABLE "foods" ("id" bigserial primary key, "restaurant_id" bigint NOT NULL, "name" character varying NOT NULL, "price" integer NOT NULL, "description" text NOT NULL, "created_at" timestamp(6) NOT NULL, "updated_at" timestamp(6) NOT NULL, CONSTRAINT "fk_rails_eae1e5c8ad"
FOREIGN KEY ("restaurant_id")
  REFERENCES "restaurants" ("id")
)[0m
  [1m[35m (2.2ms)[0m  [1m[35mCREATE INDEX "index_foods_on_restaurant_id" ON "foods" ("restaurant_id")[0m
  [1m[36mActiveRecord::SchemaMigration Create (0.5ms)[0m  [1m[32mINSERT INTO "schema_migrations" ("version") VALUES ($1) RETURNING "version"[0m  [["version", "20220407120411"]]
  [1m[36mTRANSACTION (1.0ms)[0m  [1m[35mCOMMIT[0m
Migrating to CreateLineFoods (20220407120422)
  [1m[36mTRANSACTION (0.6ms)[0m  [1m[35mBEGIN[0m
  [1m[35m (4.6ms)[0m  [1m[35mCREATE TABLE "line_foods" ("id" bigserial primary key, "food_id" bigint NOT NULL, "restaurant_id" bigint NOT NULL, "order_id" bigint, "count" integer DEFAULT 0 NOT NULL, "active" boolean DEFAULT FALSE NOT NULL, "created_at" timestamp(6) NOT NULL, "updated_at" timestamp(6) NOT NULL, CONSTRAINT "fk_rails_51ed53b961"
FOREIGN KEY ("food_id")
  REFERENCES "foods" ("id")
, CONSTRAINT "fk_rails_1e43acf94b"
FOREIGN KEY ("restaurant_id")
  REFERENCES "restaurants" ("id")
, CONSTRAINT "fk_rails_1facd9ad30"
FOREIGN KEY ("order_id")
  REFERENCES "orders" ("id")
)[0m
  [1m[36mTRANSACTION (0.3ms)[0m  [1m[31mROLLBACK[0m
  [1m[35m (0.4ms)[0m  [1m[34mSELECT pg_advisory_unlock(7864839756650184315)[0m
  [1m[35m (0.6ms)[0m  [1m[34mSELECT pg_try_advisory_lock(7864839756650184315)[0m
  [1m[36mActiveRecord::SchemaMigration Pluck (0.6ms)[0m  [1m[34mSELECT "schema_migrations"."version" FROM "schema_migrations" ORDER BY "schema_migrations"."version" ASC[0m
Migrating to CreateOrders (20220407120500)
  [1m[36mTRANSACTION (0.6ms)[0m  [1m[35mBEGIN[0m
  [1m[35m (8.2ms)[0m  [1m[35mCREATE TABLE "orders" ("id" bigserial primary key, "total_price" integer DEFAULT 0 NOT NULL, "created_at" timestamp(6) NOT NULL, "updated_at" timestamp(6) NOT NULL)[0m
  [1m[36mActiveRecord::SchemaMigration Create (1.2ms)[0m  [1m[32mINSERT INTO "schema_migrations" ("version") VALUES ($1) RETURNING "version"[0m  [["version", "20220407120500"]]
  [1m[36mTRANSACTION (2.1ms)[0m  [1m[35mCOMMIT[0m
Migrating to CreatePreOrders (20220407120813)
  [1m[36mTRANSACTION (0.5ms)[0m  [1m[35mBEGIN[0m
  [1m[35m (4.0ms)[0m  [1m[35mCREATE TABLE "pre_orders" ("id" bigserial primary key, "food_id" bigint NOT NULL, "restaurant_id" bigint NOT NULL, "order_id" bigint, "count" integer DEFAULT 0 NOT NULL, "active" boolean DEFAULT FALSE NOT NULL, "created_at" timestamp(6) NOT NULL, "updated_at" timestamp(6) NOT NULL, CONSTRAINT "fk_rails_ced14e4954"
FOREIGN KEY ("food_id")
  REFERENCES "foods" ("id")
, CONSTRAINT "fk_rails_a4ccc1c849"
FOREIGN KEY ("restaurant_id")
  REFERENCES "restaurants" ("id")
, CONSTRAINT "fk_rails_322d1ef6ab"
FOREIGN KEY ("order_id")
  REFERENCES "orders" ("id")
)[0m
  [1m[35m (2.1ms)[0m  [1m[35mCREATE INDEX "index_pre_orders_on_food_id" ON "pre_orders" ("food_id")[0m
  [1m[35m (2.7ms)[0m  [1m[35mCREATE INDEX "index_pre_orders_on_restaurant_id" ON "pre_orders" ("restaurant_id")[0m
  [1m[35m (2.2ms)[0m  [1m[35mCREATE INDEX "index_pre_orders_on_order_id" ON "pre_orders" ("order_id")[0m
  [1m[36mActiveRecord::SchemaMigration Create (0.6ms)[0m  [1m[32mINSERT INTO "schema_migrations" ("version") VALUES ($1) RETURNING "version"[0m  [["version", "20220407120813"]]
  [1m[36mTRANSACTION (1.2ms)[0m  [1m[35mCOMMIT[0m
  [1m[36mActiveRecord::InternalMetadata Load (1.7ms)[0m  [1m[34mSELECT "ar_internal_metadata".* FROM "ar_internal_metadata" WHERE "ar_internal_metadata"."key" = $1 LIMIT $2[0m  [["key", "environment"], ["LIMIT", 1]]
  [1m[35m (0.6ms)[0m  [1m[34mSELECT pg_advisory_unlock(7864839756650184315)[0m
  [1m[36mActiveRecord::SchemaMigration Pluck (0.7ms)[0m  [1m[34mSELECT "schema_migrations"."version" FROM "schema_migrations" ORDER BY "schema_migrations"."version" ASC[0m
Started GET "/" for 172.24.0.1 at 2022-04-07 21:15:50 +0900
  [1m[36mActiveRecord::SchemaMigration Pluck (0.8ms)[0m  [1m[34mSELECT "schema_migrations"."version" FROM "schema_migrations" ORDER BY "schema_migrations"."version" ASC[0m
Processing by Rails::WelcomeController#index as HTML
  Rendering /usr/local/bundle/gems/railties-7.0.2.3/lib/rails/templates/rails/welcome/index.html.erb
  Rendered /usr/local/bundle/gems/railties-7.0.2.3/lib/rails/templates/rails/welcome/index.html.erb (Duration: 5.4ms | Allocations: 525)
Completed 200 OK in 52ms (Views: 19.9ms | ActiveRecord: 0.0ms | Allocations: 3427)


Started GET "/ws" for 172.24.0.1 at 2022-04-07 21:15:56 +0900
  
ActionController::RoutingError (No route matches [GET] "/ws"):
  
Started GET "/ws" for 172.24.0.1 at 2022-04-07 21:15:57 +0900
  
ActionController::RoutingError (No route matches [GET] "/ws"):
  
Started GET "/ws" for 172.24.0.1 at 2022-04-07 21:16:00 +0900
  
ActionController::RoutingError (No route matches [GET] "/ws"):
  
Started GET "/ws" for 172.24.0.1 at 2022-04-07 21:16:04 +0900
  
ActionController::RoutingError (No route matches [GET] "/ws"):
  
Started GET "/ws" for 172.24.0.1 at 2022-04-07 21:16:12 +0900
  
ActionController::RoutingError (No route matches [GET] "/ws"):
  
Started GET "/ws" for 172.24.0.1 at 2022-04-07 21:16:28 +0900
  
ActionController::RoutingError (No route matches [GET] "/ws"):
  
Started GET "/ws" for 172.24.0.1 at 2022-04-07 21:17:01 +0900
  
ActionController::RoutingError (No route matches [GET] "/ws"):
  
Started GET "/ws" for 172.24.0.1 at 2022-04-07 21:18:06 +0900
  
ActionController::RoutingError (No route matches [GET] "/ws"):
  
Started GET "/ws" for 172.24.0.1 at 2022-04-07 21:20:15 +0900
  
ActionController::RoutingError (No route matches [GET] "/ws"):
  
Started GET "/ws" for 172.24.0.1 at 2022-04-07 21:24:32 +0900
  
ActionController::RoutingError (No route matches [GET] "/ws"):
  
